<?xml version="1.0" encoding="UTF-8"?>
<testsuite xmlns:xsi="http://www.w3.org/2001/XMLSchema-instance" xsi:noNamespaceSchemaLocation="https://maven.apache.org/surefire/maven-surefire-plugin/xsd/surefire-test-report.xsd" name="TestSuite" time="8.541" tests="3" errors="0" skipped="0" failures="1">
  <properties>
    <property name="gopherProxySet" value="false"/>
    <property name="awt.toolkit" value="sun.lwawt.macosx.LWCToolkit"/>
    <property name="file.encoding.pkg" value="sun.io"/>
    <property name="java.specification.version" value="1.8"/>
    <property name="sun.cpu.isalist" value=""/>
    <property name="sun.jnu.encoding" value="UTF-8"/>
    <property name="java.class.path" value="/Users/2359id/developments/study/cicd/jenkins-test/target/test-classes:/Users/2359id/developments/study/cicd/jenkins-test/target/classes:/Users/2359id/.m2/repository/org/testng/testng/6.14.3/testng-6.14.3.jar:/Users/2359id/.m2/repository/com/beust/jcommander/1.72/jcommander-1.72.jar:/Users/2359id/.m2/repository/org/apache-extras/beanshell/bsh/2.0b6/bsh-2.0b6.jar:/Users/2359id/.m2/repository/io/appium/java-client/7.0.0/java-client-7.0.0.jar:/Users/2359id/.m2/repository/org/seleniumhq/selenium/selenium-api/3.141.59/selenium-api-3.141.59.jar:/Users/2359id/.m2/repository/com/google/code/gson/gson/2.8.5/gson-2.8.5.jar:/Users/2359id/.m2/repository/org/apache/httpcomponents/httpclient/4.5.6/httpclient-4.5.6.jar:/Users/2359id/.m2/repository/org/apache/httpcomponents/httpcore/4.4.10/httpcore-4.4.10.jar:/Users/2359id/.m2/repository/commons-logging/commons-logging/1.2/commons-logging-1.2.jar:/Users/2359id/.m2/repository/commons-codec/commons-codec/1.10/commons-codec-1.10.jar:/Users/2359id/.m2/repository/cglib/cglib/3.2.8/cglib-3.2.8.jar:/Users/2359id/.m2/repository/org/ow2/asm/asm/6.2.1/asm-6.2.1.jar:/Users/2359id/.m2/repository/org/apache/ant/ant/1.10.3/ant-1.10.3.jar:/Users/2359id/.m2/repository/org/apache/ant/ant-launcher/1.10.3/ant-launcher-1.10.3.jar:/Users/2359id/.m2/repository/commons-validator/commons-validator/1.6/commons-validator-1.6.jar:/Users/2359id/.m2/repository/commons-beanutils/commons-beanutils/1.9.2/commons-beanutils-1.9.2.jar:/Users/2359id/.m2/repository/commons-digester/commons-digester/1.8.1/commons-digester-1.8.1.jar:/Users/2359id/.m2/repository/commons-collections/commons-collections/3.2.2/commons-collections-3.2.2.jar:/Users/2359id/.m2/repository/org/apache/commons/commons-lang3/3.8/commons-lang3-3.8.jar:/Users/2359id/.m2/repository/org/springframework/spring-context/5.1.0.RELEASE/spring-context-5.1.0.RELEASE.jar:/Users/2359id/.m2/repository/org/springframework/spring-aop/5.1.0.RELEASE/spring-aop-5.1.0.RELEASE.jar:/Users/2359id/.m2/repository/org/springframework/spring-beans/5.1.0.RELEASE/spring-beans-5.1.0.RELEASE.jar:/Users/2359id/.m2/repository/org/springframework/spring-core/5.1.0.RELEASE/spring-core-5.1.0.RELEASE.jar:/Users/2359id/.m2/repository/org/springframework/spring-jcl/5.1.0.RELEASE/spring-jcl-5.1.0.RELEASE.jar:/Users/2359id/.m2/repository/org/springframework/spring-expression/5.1.0.RELEASE/spring-expression-5.1.0.RELEASE.jar:/Users/2359id/.m2/repository/org/aspectj/aspectjweaver/1.9.1/aspectjweaver-1.9.1.jar:/Users/2359id/.m2/repository/org/slf4j/slf4j-api/1.7.25/slf4j-api-1.7.25.jar:/Users/2359id/.m2/repository/org/seleniumhq/selenium/selenium-java/3.141.59/selenium-java-3.141.59.jar:/Users/2359id/.m2/repository/org/seleniumhq/selenium/selenium-chrome-driver/3.141.59/selenium-chrome-driver-3.141.59.jar:/Users/2359id/.m2/repository/org/seleniumhq/selenium/selenium-edge-driver/3.141.59/selenium-edge-driver-3.141.59.jar:/Users/2359id/.m2/repository/org/seleniumhq/selenium/selenium-firefox-driver/3.141.59/selenium-firefox-driver-3.141.59.jar:/Users/2359id/.m2/repository/org/seleniumhq/selenium/selenium-ie-driver/3.141.59/selenium-ie-driver-3.141.59.jar:/Users/2359id/.m2/repository/org/seleniumhq/selenium/selenium-opera-driver/3.141.59/selenium-opera-driver-3.141.59.jar:/Users/2359id/.m2/repository/org/seleniumhq/selenium/selenium-remote-driver/3.141.59/selenium-remote-driver-3.141.59.jar:/Users/2359id/.m2/repository/org/seleniumhq/selenium/selenium-safari-driver/3.141.59/selenium-safari-driver-3.141.59.jar:/Users/2359id/.m2/repository/net/bytebuddy/byte-buddy/1.8.15/byte-buddy-1.8.15.jar:/Users/2359id/.m2/repository/org/apache/commons/commons-exec/1.3/commons-exec-1.3.jar:/Users/2359id/.m2/repository/com/google/guava/guava/25.0-jre/guava-25.0-jre.jar:/Users/2359id/.m2/repository/com/google/code/findbugs/jsr305/1.3.9/jsr305-1.3.9.jar:/Users/2359id/.m2/repository/org/checkerframework/checker-compat-qual/2.0.0/checker-compat-qual-2.0.0.jar:/Users/2359id/.m2/repository/com/google/errorprone/error_prone_annotations/2.1.3/error_prone_annotations-2.1.3.jar:/Users/2359id/.m2/repository/com/google/j2objc/j2objc-annotations/1.1/j2objc-annotations-1.1.jar:/Users/2359id/.m2/repository/org/codehaus/mojo/animal-sniffer-annotations/1.14/animal-sniffer-annotations-1.14.jar:/Users/2359id/.m2/repository/com/squareup/okhttp3/okhttp/3.11.0/okhttp-3.11.0.jar:/Users/2359id/.m2/repository/com/squareup/okio/okio/1.14.0/okio-1.14.0.jar:/Users/2359id/.m2/repository/org/seleniumhq/selenium/selenium-server/3.141.59/selenium-server-3.141.59.jar:/Users/2359id/.m2/repository/net/jcip/jcip-annotations/1.0/jcip-annotations-1.0.jar:/Users/2359id/.m2/repository/org/seleniumhq/selenium/jetty-repacked/9.4.12.v20180830/jetty-repacked-9.4.12.v20180830.jar:/Users/2359id/.m2/repository/javax/servlet/javax.servlet-api/3.1.0/javax.servlet-api-3.1.0.jar:/Users/2359id/.m2/repository/org/yaml/snakeyaml/1.19/snakeyaml-1.19.jar:/Users/2359id/.m2/repository/org/seleniumhq/selenium/selenium-support/3.141.59/selenium-support-3.141.59.jar:/Users/2359id/.m2/repository/commons-io/commons-io/2.6/commons-io-2.6.jar:/Users/2359id/.m2/repository/org/apache/maven/surefire/surefire-testng-utils/2.20.1/surefire-testng-utils-2.20.1.jar:/Users/2359id/.m2/repository/org/apache/maven/surefire/surefire-grouper/2.20.1/surefire-grouper-2.20.1.jar:"/>
    <property name="java.vm.vendor" value="Azul Systems, Inc."/>
    <property name="sun.arch.data.model" value="64"/>
    <property name="java.vendor.url" value="http://www.azulsystems.com/"/>
    <property name="user.timezone" value=""/>
    <property name="java.vm.specification.version" value="1.8"/>
    <property name="os.name" value="Mac OS X"/>
    <property name="user.country" value="ID"/>
    <property name="sun.java.launcher" value="SUN_STANDARD"/>
    <property name="sun.boot.library.path" value="/Users/2359id/.sdkman/candidates/java/8.0.202-zulu/jre/lib"/>
    <property name="sun.java.command" value="/Users/2359id/developments/study/cicd/jenkins-test/target/surefire/surefirebooter7061070065086050351.jar /Users/2359id/developments/study/cicd/jenkins-test/target/surefire 2019-10-11T09-09-38_632-jvmRun1 surefire7223203728325911299tmp surefire_08466385419554030396tmp"/>
    <property name="http.nonProxyHosts" value="local|*.local|169.254/16|*.169.254/16"/>
    <property name="surefire.test.class.path" value="/Users/2359id/developments/study/cicd/jenkins-test/target/test-classes:/Users/2359id/developments/study/cicd/jenkins-test/target/classes:/Users/2359id/.m2/repository/org/testng/testng/6.14.3/testng-6.14.3.jar:/Users/2359id/.m2/repository/com/beust/jcommander/1.72/jcommander-1.72.jar:/Users/2359id/.m2/repository/org/apache-extras/beanshell/bsh/2.0b6/bsh-2.0b6.jar:/Users/2359id/.m2/repository/io/appium/java-client/7.0.0/java-client-7.0.0.jar:/Users/2359id/.m2/repository/org/seleniumhq/selenium/selenium-api/3.141.59/selenium-api-3.141.59.jar:/Users/2359id/.m2/repository/com/google/code/gson/gson/2.8.5/gson-2.8.5.jar:/Users/2359id/.m2/repository/org/apache/httpcomponents/httpclient/4.5.6/httpclient-4.5.6.jar:/Users/2359id/.m2/repository/org/apache/httpcomponents/httpcore/4.4.10/httpcore-4.4.10.jar:/Users/2359id/.m2/repository/commons-logging/commons-logging/1.2/commons-logging-1.2.jar:/Users/2359id/.m2/repository/commons-codec/commons-codec/1.10/commons-codec-1.10.jar:/Users/2359id/.m2/repository/cglib/cglib/3.2.8/cglib-3.2.8.jar:/Users/2359id/.m2/repository/org/ow2/asm/asm/6.2.1/asm-6.2.1.jar:/Users/2359id/.m2/repository/org/apache/ant/ant/1.10.3/ant-1.10.3.jar:/Users/2359id/.m2/repository/org/apache/ant/ant-launcher/1.10.3/ant-launcher-1.10.3.jar:/Users/2359id/.m2/repository/commons-validator/commons-validator/1.6/commons-validator-1.6.jar:/Users/2359id/.m2/repository/commons-beanutils/commons-beanutils/1.9.2/commons-beanutils-1.9.2.jar:/Users/2359id/.m2/repository/commons-digester/commons-digester/1.8.1/commons-digester-1.8.1.jar:/Users/2359id/.m2/repository/commons-collections/commons-collections/3.2.2/commons-collections-3.2.2.jar:/Users/2359id/.m2/repository/org/apache/commons/commons-lang3/3.8/commons-lang3-3.8.jar:/Users/2359id/.m2/repository/org/springframework/spring-context/5.1.0.RELEASE/spring-context-5.1.0.RELEASE.jar:/Users/2359id/.m2/repository/org/springframework/spring-aop/5.1.0.RELEASE/spring-aop-5.1.0.RELEASE.jar:/Users/2359id/.m2/repository/org/springframework/spring-beans/5.1.0.RELEASE/spring-beans-5.1.0.RELEASE.jar:/Users/2359id/.m2/repository/org/springframework/spring-core/5.1.0.RELEASE/spring-core-5.1.0.RELEASE.jar:/Users/2359id/.m2/repository/org/springframework/spring-jcl/5.1.0.RELEASE/spring-jcl-5.1.0.RELEASE.jar:/Users/2359id/.m2/repository/org/springframework/spring-expression/5.1.0.RELEASE/spring-expression-5.1.0.RELEASE.jar:/Users/2359id/.m2/repository/org/aspectj/aspectjweaver/1.9.1/aspectjweaver-1.9.1.jar:/Users/2359id/.m2/repository/org/slf4j/slf4j-api/1.7.25/slf4j-api-1.7.25.jar:/Users/2359id/.m2/repository/org/seleniumhq/selenium/selenium-java/3.141.59/selenium-java-3.141.59.jar:/Users/2359id/.m2/repository/org/seleniumhq/selenium/selenium-chrome-driver/3.141.59/selenium-chrome-driver-3.141.59.jar:/Users/2359id/.m2/repository/org/seleniumhq/selenium/selenium-edge-driver/3.141.59/selenium-edge-driver-3.141.59.jar:/Users/2359id/.m2/repository/org/seleniumhq/selenium/selenium-firefox-driver/3.141.59/selenium-firefox-driver-3.141.59.jar:/Users/2359id/.m2/repository/org/seleniumhq/selenium/selenium-ie-driver/3.141.59/selenium-ie-driver-3.141.59.jar:/Users/2359id/.m2/repository/org/seleniumhq/selenium/selenium-opera-driver/3.141.59/selenium-opera-driver-3.141.59.jar:/Users/2359id/.m2/repository/org/seleniumhq/selenium/selenium-remote-driver/3.141.59/selenium-remote-driver-3.141.59.jar:/Users/2359id/.m2/repository/org/seleniumhq/selenium/selenium-safari-driver/3.141.59/selenium-safari-driver-3.141.59.jar:/Users/2359id/.m2/repository/net/bytebuddy/byte-buddy/1.8.15/byte-buddy-1.8.15.jar:/Users/2359id/.m2/repository/org/apache/commons/commons-exec/1.3/commons-exec-1.3.jar:/Users/2359id/.m2/repository/com/google/guava/guava/25.0-jre/guava-25.0-jre.jar:/Users/2359id/.m2/repository/com/google/code/findbugs/jsr305/1.3.9/jsr305-1.3.9.jar:/Users/2359id/.m2/repository/org/checkerframework/checker-compat-qual/2.0.0/checker-compat-qual-2.0.0.jar:/Users/2359id/.m2/repository/com/google/errorprone/error_prone_annotations/2.1.3/error_prone_annotations-2.1.3.jar:/Users/2359id/.m2/repository/com/google/j2objc/j2objc-annotations/1.1/j2objc-annotations-1.1.jar:/Users/2359id/.m2/repository/org/codehaus/mojo/animal-sniffer-annotations/1.14/animal-sniffer-annotations-1.14.jar:/Users/2359id/.m2/repository/com/squareup/okhttp3/okhttp/3.11.0/okhttp-3.11.0.jar:/Users/2359id/.m2/repository/com/squareup/okio/okio/1.14.0/okio-1.14.0.jar:/Users/2359id/.m2/repository/org/seleniumhq/selenium/selenium-server/3.141.59/selenium-server-3.141.59.jar:/Users/2359id/.m2/repository/net/jcip/jcip-annotations/1.0/jcip-annotations-1.0.jar:/Users/2359id/.m2/repository/org/seleniumhq/selenium/jetty-repacked/9.4.12.v20180830/jetty-repacked-9.4.12.v20180830.jar:/Users/2359id/.m2/repository/javax/servlet/javax.servlet-api/3.1.0/javax.servlet-api-3.1.0.jar:/Users/2359id/.m2/repository/org/yaml/snakeyaml/1.19/snakeyaml-1.19.jar:/Users/2359id/.m2/repository/org/seleniumhq/selenium/selenium-support/3.141.59/selenium-support-3.141.59.jar:/Users/2359id/.m2/repository/commons-io/commons-io/2.6/commons-io-2.6.jar:/Users/2359id/.m2/repository/org/apache/maven/surefire/surefire-testng-utils/2.20.1/surefire-testng-utils-2.20.1.jar:/Users/2359id/.m2/repository/org/apache/maven/surefire/surefire-grouper/2.20.1/surefire-grouper-2.20.1.jar:"/>
    <property name="sun.cpu.endian" value="little"/>
    <property name="user.home" value="/Users/2359id"/>
    <property name="user.language" value="en"/>
    <property name="java.specification.vendor" value="Oracle Corporation"/>
    <property name="java.home" value="/Users/2359id/.sdkman/candidates/java/8.0.202-zulu/jre"/>
    <property name="basedir" value="/Users/2359id/developments/study/cicd/jenkins-test"/>
    <property name="file.separator" value="/"/>
    <property name="line.separator" value="&#10;"/>
    <property name="java.vm.specification.vendor" value="Oracle Corporation"/>
    <property name="java.specification.name" value="Java Platform API Specification"/>
    <property name="java.awt.graphicsenv" value="sun.awt.CGraphicsEnvironment"/>
    <property name="surefire.real.class.path" value="/Users/2359id/developments/study/cicd/jenkins-test/target/surefire/surefirebooter7061070065086050351.jar"/>
    <property name="sun.boot.class.path" value="/Users/2359id/.sdkman/candidates/java/8.0.202-zulu/jre/lib/resources.jar:/Users/2359id/.sdkman/candidates/java/8.0.202-zulu/jre/lib/rt.jar:/Users/2359id/.sdkman/candidates/java/8.0.202-zulu/jre/lib/sunrsasign.jar:/Users/2359id/.sdkman/candidates/java/8.0.202-zulu/jre/lib/jsse.jar:/Users/2359id/.sdkman/candidates/java/8.0.202-zulu/jre/lib/jce.jar:/Users/2359id/.sdkman/candidates/java/8.0.202-zulu/jre/lib/charsets.jar:/Users/2359id/.sdkman/candidates/java/8.0.202-zulu/jre/lib/jfr.jar:/Users/2359id/.sdkman/candidates/java/8.0.202-zulu/jre/classes"/>
    <property name="sun.management.compiler" value="HotSpot 64-Bit Tiered Compilers"/>
    <property name="ftp.nonProxyHosts" value="local|*.local|169.254/16|*.169.254/16"/>
    <property name="java.runtime.version" value="1.8.0_202-b05"/>
    <property name="user.name" value="2359id"/>
    <property name="path.separator" value=":"/>
    <property name="os.version" value="10.14.4"/>
    <property name="java.endorsed.dirs" value="/Users/2359id/.sdkman/candidates/java/8.0.202-zulu/jre/lib/endorsed"/>
    <property name="java.runtime.name" value="OpenJDK Runtime Environment"/>
    <property name="file.encoding" value="UTF-8"/>
    <property name="java.vm.name" value="OpenJDK 64-Bit Server VM"/>
    <property name="localRepository" value="/Users/2359id/.m2/repository"/>
    <property name="java.vendor.url.bug" value="http://www.azulsystems.com/support/"/>
    <property name="java.io.tmpdir" value="/var/folders/bk/w8007rwd44q4yl58cj7whmhw0000gn/T/"/>
    <property name="java.version" value="1.8.0_202"/>
    <property name="user.dir" value="/Users/2359id/developments/study/cicd/jenkins-test"/>
    <property name="os.arch" value="x86_64"/>
    <property name="java.vm.specification.name" value="Java Virtual Machine Specification"/>
    <property name="java.awt.printerjob" value="sun.lwawt.macosx.CPrinterJob"/>
    <property name="sun.os.patch.level" value="unknown"/>
    <property name="java.library.path" value="/Users/2359id/Library/Java/Extensions:/Library/Java/Extensions:/Network/Library/Java/Extensions:/System/Library/Java/Extensions:/usr/lib/java:."/>
    <property name="java.vm.info" value="mixed mode"/>
    <property name="java.vendor" value="Azul Systems, Inc."/>
    <property name="java.vm.version" value="25.202-b05"/>
    <property name="java.ext.dirs" value="/Users/2359id/Library/Java/Extensions:/Users/2359id/.sdkman/candidates/java/8.0.202-zulu/jre/lib/ext:/Library/Java/Extensions:/Network/Library/Java/Extensions:/System/Library/Java/Extensions:/usr/lib/java"/>
    <property name="sun.io.unicode.encoding" value="UnicodeBig"/>
    <property name="java.class.version" value="52.0"/>
    <property name="socksNonProxyHosts" value="local|*.local|169.254/16|*.169.254/16"/>
  </properties>
  <testcase name="A_002_ForgotPassword" classname="com.media2359.tests.a_Authentication" time="1.194"/>
  <testcase name="A_003_ViewDisclaimer" classname="com.media2359.tests.a_Authentication" time="0.428">
    <failure message="expected [NG does not warrant or represent that your use of this Site/App will not infringe the rights of third parties. This Site/App may contain links to web sites maintained by other people and/or companies. NHG does not monitor the contents of these sites nor does NHG have the ability to control these sites. For these reasons, NHG explicitly disclaims any responsibility for the accuracy, contents, availability of information, copyright compliance, legality or decency of material contained in sites that are linked to or from this Site/App from third parties not associated with NHG and you irrevocably waive any claim against NHG with respect to such sites. NHG does not endorse or make any representations whatsoever as to the contents of third party sites included in this Site/App, whether or not such link was created by NHG. NHG, its staff and the writers of the articles, cannot be held responsible or be liable for any action or decision taken as a result of the information in this Site/App. Information accessed through this Site/App is provided on an “as is” and “as available” basis. NHG disclaims all warranties of any kind, whether express or implied, including but not limited to any warranty that:  • Your use of this Site/App will be error-free, free from computer viruses, secure, timely, uninterrupted or will meet your requirements; or • Any material you download from this Site/App or otherwise obtained through the use of this Site/App will not cause damage to or impede the functions of your computer system or result in loss of data; or • The contents is accurate, authentic, adequate, applicable, timely, complete or reliable.   None of the contents or any statement made on or obtained through this Site/App or any oral or written communication between you and NHG (including email or any other electronic communication) shall create or give rise to any warranty unless expressly stated otherwise.] but found [NHG does not warrant or represent that your use of this Site/App will not infringe the rights of third parties. This Site/App may contain links to web sites maintained by other people and/or companies. NHG does not monitor the contents of these sites nor does NHG have the ability to control these sites. For these reasons, NHG explicitly disclaims any responsibility for the accuracy, contents, availability of information, copyright compliance, legality or decency of material contained in sites that are linked to or from this Site/App from third parties not associated with NHG and you irrevocably waive any claim against NHG with respect to such sites. NHG does not endorse or make any representations whatsoever as to the contents of third party sites included in this Site/App, whether or not such link was created by NHG. NHG, its staff and the writers of the articles, cannot be held responsible or be liable for any action or decision taken as a result of the information in this Site/App. Information accessed through this Site/App is provided on an “as is” and “as available” basis. NHG disclaims all warranties of any kind, whether express or implied, including but not limited to any warranty that:  • Your use of this Site/App will be error-free, free from computer viruses, secure, timely, uninterrupted or will meet your requirements; or • Any material you download from this Site/App or otherwise obtained through the use of this Site/App will not cause damage to or impede the functions of your computer system or result in loss of data; or • The contents is accurate, authentic, adequate, applicable, timely, complete or reliable.   None of the contents or any statement made on or obtained through this Site/App or any oral or written communication between you and NHG (including email or any other electronic communication) shall create or give rise to any warranty unless expressly stated otherwise.]" type="java.lang.AssertionError">java.lang.AssertionError: expected [NG does not warrant or represent that your use of this Site/App will not infringe the rights of third parties. This Site/App may contain links to web sites maintained by other people and/or companies. NHG does not monitor the contents of these sites nor does NHG have the ability to control these sites. For these reasons, NHG explicitly disclaims any responsibility for the accuracy, contents, availability of information, copyright compliance, legality or decency of material contained in sites that are linked to or from this Site/App from third parties not associated with NHG and you irrevocably waive any claim against NHG with respect to such sites. NHG does not endorse or make any representations whatsoever as to the contents of third party sites included in this Site/App, whether or not such link was created by NHG. NHG, its staff and the writers of the articles, cannot be held responsible or be liable for any action or decision taken as a result of the information in this Site/App. Information accessed through this Site/App is provided on an “as is” and “as available” basis. NHG disclaims all warranties of any kind, whether express or implied, including but not limited to any warranty that:  • Your use of this Site/App will be error-free, free from computer viruses, secure, timely, uninterrupted or will meet your requirements; or • Any material you download from this Site/App or otherwise obtained through the use of this Site/App will not cause damage to or impede the functions of your computer system or result in loss of data; or • The contents is accurate, authentic, adequate, applicable, timely, complete or reliable.   None of the contents or any statement made on or obtained through this Site/App or any oral or written communication between you and NHG (including email or any other electronic communication) shall create or give rise to any warranty unless expressly stated otherwise.] but found [NHG does not warrant or represent that your use of this Site/App will not infringe the rights of third parties. This Site/App may contain links to web sites maintained by other people and/or companies. NHG does not monitor the contents of these sites nor does NHG have the ability to control these sites. For these reasons, NHG explicitly disclaims any responsibility for the accuracy, contents, availability of information, copyright compliance, legality or decency of material contained in sites that are linked to or from this Site/App from third parties not associated with NHG and you irrevocably waive any claim against NHG with respect to such sites. NHG does not endorse or make any representations whatsoever as to the contents of third party sites included in this Site/App, whether or not such link was created by NHG. NHG, its staff and the writers of the articles, cannot be held responsible or be liable for any action or decision taken as a result of the information in this Site/App. Information accessed through this Site/App is provided on an “as is” and “as available” basis. NHG disclaims all warranties of any kind, whether express or implied, including but not limited to any warranty that:  • Your use of this Site/App will be error-free, free from computer viruses, secure, timely, uninterrupted or will meet your requirements; or • Any material you download from this Site/App or otherwise obtained through the use of this Site/App will not cause damage to or impede the functions of your computer system or result in loss of data; or • The contents is accurate, authentic, adequate, applicable, timely, complete or reliable.   None of the contents or any statement made on or obtained through this Site/App or any oral or written communication between you and NHG (including email or any other electronic communication) shall create or give rise to any warranty unless expressly stated otherwise.]
	at com.media2359.tests.a_Authentication.A_003_ViewDisclaimer(a_Authentication.java:79)
</failure>
  </testcase>
  <testcase name="A_001_validLogin" classname="com.media2359.tests.a_Authentication" time="3.843"/>
</testsuite>