<?xml version="1.0" encoding="UTF-8"?>
<!-- Generated by org.testng.reporters.JUnitReportReporter -->
<testsuite skipped="0" hostname="2359s-MacBook-Pro.local" name="com.media2359.tests.g_AssignmentDefinitions" tests="3" failures="0" timestamp="10 Sep 2019 06:51:53 GMT" time="31.836" errors="0">
  <testcase name="G_003_viewAssignmentDefinitionPagination" time="10.394" classname="com.media2359.tests.g_AssignmentDefinitions"/>
  <testcase name="G_001_viewAssignmentDefinitions" time="5.622" classname="com.media2359.tests.g_AssignmentDefinitions"/>
  <testcase name="G_002_createNewAssignmentDefinitions" time="15.820" classname="com.media2359.tests.g_AssignmentDefinitions"/>
</testsuite> <!-- com.media2359.tests.g_AssignmentDefinitions -->
