<?xml version="1.0" encoding="UTF-8"?>
<!-- Generated by org.testng.reporters.JUnitReportReporter -->
<testsuite skipped="0" hostname="2359s-MacBook-Pro.local" name="com.media2359.tests.c_Configuration" tests="1" failures="0" timestamp="10 Sep 2019 04:15:51 GMT" time="5.129" errors="0">
  <testcase name="C_001_viewConfigurations" time="5.129" classname="com.media2359.tests.c_Configuration"/>
</testsuite> <!-- com.media2359.tests.c_Configuration -->
