<?xml version="1.0" encoding="UTF-8"?>
<!-- Generated by org.testng.reporters.JUnitReportReporter -->
<testsuite skipped="0" hostname="2359s-MacBook-Pro.local" name="com.media2359.tests.d_BasicConfiguration" tests="5" failures="0" timestamp="10 Sep 2019 04:19:18 GMT" time="21.927" errors="0">
  <testcase name="C_001_viewConfigurations" time="0.799" classname="com.media2359.tests.d_BasicConfiguration"/>
  <testcase name="C_002_configStartDayAndTime" time="9.269" classname="com.media2359.tests.d_BasicConfiguration"/>
  <testcase name="C_004_configAssignmentDefinitions" time="3.436" classname="com.media2359.tests.d_BasicConfiguration"/>
  <testcase name="C_005_configLoggingVacationHours" time="6.779" classname="com.media2359.tests.d_BasicConfiguration"/>
  <testcase name="C_006_configEmailNotifications" time="1.644" classname="com.media2359.tests.d_BasicConfiguration"/>
</testsuite> <!-- com.media2359.tests.d_BasicConfiguration -->
