<?xml version="1.0" encoding="UTF-8"?>
<!-- Generated by org.testng.reporters.JUnitReportReporter -->
<testsuite skipped="0" hostname="2359s-MacBook-Pro.local" name="com.media2359.tests.b_DutyHour" tests="1" failures="0" timestamp="10 Sep 2019 04:15:51 GMT" time="5.514" errors="0">
  <testcase name="B_001_ViewDutyHours" time="5.514" classname="com.media2359.tests.b_DutyHour"/>
</testsuite> <!-- com.media2359.tests.b_DutyHour -->
