<?xml version="1.0" encoding="UTF-8"?>
<!-- Generated by org.testng.reporters.JUnitReportReporter -->
<testsuite skipped="0" hostname="2359s-MacBook-Pro.local" name="com.media2359.tests.a_DutyHour" tests="2" failures="0" timestamp="11 Jun 2019 09:58:08 GMT" time="10.715" errors="0">
  <testcase name="A_001_ViewContactUs" time="5.408" classname="com.media2359.tests.a_DutyHour"/>
  <testcase name="A_001_ViewContactUs" time="5.307" classname="com.media2359.tests.a_DutyHour"/>
</testsuite> <!-- com.media2359.tests.a_DutyHour -->
