<?xml version="1.0" encoding="UTF-8"?>
<!-- Generated by org.testng.reporters.JUnitReportReporter -->
<testsuite skipped="0" hostname="2359s-MacBook-Pro.local" name="com.media2359.tests.h_LogHour" tests="3" failures="0" timestamp="13 Sep 2019 09:33:05 GMT" time="53.916" errors="0">
  <testcase name="H_014_editLogLD" time="42.050" classname="com.media2359.tests.h_LogHour"/>
  <testcase name="H_001_viewLogHours" time="0.149" classname="com.media2359.tests.h_LogHour"/>
  <testcase name="H_008_viewLogDetails" time="11.717" classname="com.media2359.tests.h_LogHour"/>
</testsuite> <!-- com.media2359.tests.h_LogHour -->
