<?xml version="1.0" encoding="UTF-8"?>
<!-- Generated by org.testng.reporters.JUnitReportReporter -->
<testsuite skipped="0" hostname="2359s-MacBook-Pro.local" name="com.media2359.tests.a_Authentication" tests="3" failures="0" timestamp="08 Oct 2019 07:10:00 GMT" time="7.908" errors="0">
  <testcase name="A_002_ForgotPassword" time="2.760" classname="com.media2359.tests.a_Authentication"/>
  <testcase name="A_003_ViewDisclaimer" time="0.724" classname="com.media2359.tests.a_Authentication"/>
  <testcase name="A_001_validLogin" time="4.424" classname="com.media2359.tests.a_Authentication"/>
</testsuite> <!-- com.media2359.tests.a_Authentication -->
