<?xml version="1.0" encoding="UTF-8"?>
<!-- Generated by org.testng.reporters.JUnitReportReporter -->
<testsuite skipped="0" hostname="2359s-MacBook-Pro.local" name="com.media2359.tests.a_Authentication" tests="1" failures="0" timestamp="09 Oct 2019 03:23:24 GMT" time="5.298" errors="0">
  <testcase name="A_001_validLogin" time="5.298" classname="com.media2359.tests.a_Authentication"/>
</testsuite> <!-- com.media2359.tests.a_Authentication -->
